<?xml version="1.0" encoding="UTF-8"?>
<!-- Generated by org.testng.reporters.JUnitReportReporter -->
<testsuite skipped="0" hostname="DESKTOP-AM9JN1O" name="Course.LibertySiteAutomation" tests="1" failures="0" timestamp="2020-01-22T07:00:37 AEDT" time="41.748" errors="0">
  <testcase name="liberty" time="41.748" classname="Course.LibertySiteAutomation"/>
</testsuite> <!-- Course.LibertySiteAutomation -->
