<?xml version="1.0" encoding="UTF-8"?>
<!-- Generated by org.testng.reporters.JUnitReportReporter -->
<testsuite skipped="0" hostname="DESKTOP-AM9JN1O" name="Course.irctcEmulator" tests="1" failures="0" timestamp="2020-01-27T00:51:59 AEDT" time="124.295" errors="0">
  <testcase name="irctcRegisteration" time="124.295" classname="Course.irctcEmulator"/>
</testsuite> <!-- Course.irctcEmulator -->
